# JRE version: OpenJDK Runtime Environment (8.0_202-b03) (build 1.8.0_202-release-1483-b03)
# Java VM: OpenJDK 64-Bit Server VM (25.202-b03 mixed mode windows-amd64 compressed oops)
Heap:
 PSYoungGen      total 60416K, used 28151K [0x00000000e0000000, 0x00000000e4800000, 0x0000000100000000)
  eden space 49664K, 45% used [0x00000000e0000000,0x00000000e15f0cb8,0x00000000e3080000)
  from space 10752K, 52% used [0x00000000e3a80000,0x00000000e400d0a0,0x00000000e4500000)
  to   space 10240K, 0% used [0x00000000e3080000,0x00000000e3080000,0x00000000e3a80000)
 ParOldGen       total 61952K, used 8902K [0x00000000a0000000, 0x00000000a3c80000, 0x00000000e0000000)
  object space 61952K, 14% used [0x00000000a0000000,0x00000000a08b1858,0x00000000a3c80000)
 Metaspace       used 29692K, capacity 30230K, committed 30464K, reserved 1079296K
  class space    used 4107K, capacity 4288K, committed 4352K, reserved 1048576K
GC Heap History (10 events):
Event: 26.178 GC heap before
{Heap before GC invocations=5 (full 0):
 PSYoungGen      total 38400K, used 38384K [0x00000000e0000000, 0x00000000e2a80000, 0x0000000100000000)
  eden space 33280K, 100% used [0x00000000e0000000,0x00000000e2080000,0x00000000e2080000)
  from space 5120K, 99% used [0x00000000e2580000,0x00000000e2a7c010,0x00000000e2a80000)
  to   space 5120K, 0% used [0x00000000e2080000,0x00000000e2080000,0x00000000e2580000)
 ParOldGen       total 87552K, used 4993K [0x00000000a0000000, 0x00000000a5580000, 0x00000000e0000000)
  object space 87552K, 5% used [0x00000000a0000000,0x00000000a04e0520,0x00000000a5580000)
 Metaspace       used 19044K, capacity 19578K, committed 19712K, reserved 1069056K
  class space    used 2757K, capacity 2961K, committed 3072K, reserved 1048576K
Event: 26.222 GC heap after
Heap after GC invocations=5 (full 0):
 PSYoungGen      total 37888K, used 5088K [0x00000000e0000000, 0x00000000e3500000, 0x0000000100000000)
  eden space 32768K, 0% used [0x00000000e0000000,0x00000000e0000000,0x00000000e2000000)
  from space 5120K, 99% used [0x00000000e2080000,0x00000000e2578030,0x00000000e2580000)
  to   space 10752K, 0% used [0x00000000e2a80000,0x00000000e2a80000,0x00000000e3500000)
 ParOldGen       total 87552K, used 8990K [0x00000000a0000000, 0x00000000a5580000, 0x00000000e0000000)
  object space 87552K, 10% used [0x00000000a0000000,0x00000000a08c7838,0x00000000a5580000)
 Metaspace       used 19044K, capacity 19578K, committed 19712K, reserved 1069056K
  class space    used 2757K, capacity 2961K, committed 3072K, reserved 1048576K
}
Event: 29.102 GC heap before
{Heap before GC invocations=6 (full 0):
 PSYoungGen      total 37888K, used 18637K [0x00000000e0000000, 0x00000000e3500000, 0x0000000100000000)
  eden space 32768K, 41% used [0x00000000e0000000,0x00000000e0d3b648,0x00000000e2000000)
  from space 5120K, 99% used [0x00000000e2080000,0x00000000e2578030,0x00000000e2580000)
  to   space 10752K, 0% used [0x00000000e2a80000,0x00000000e2a80000,0x00000000e3500000)
 ParOldGen       total 87552K, used 8990K [0x00000000a0000000, 0x00000000a5580000, 0x00000000e0000000)
  object space 87552K, 10% used [0x00000000a0000000,0x00000000a08c7838,0x00000000a5580000)
 Metaspace       used 20702K, capacity 21160K, committed 21296K, reserved 1071104K
  class space    used 2964K, capacity 3125K, committed 3200K, reserved 1048576K
Event: 29.127 GC heap after
Heap after GC invocations=6 (full 0):
 PSYoungGen      total 42496K, used 7449K [0x00000000e0000000, 0x00000000e3480000, 0x0000000100000000)
  eden space 32256K, 0% used [0x00000000e0000000,0x00000000e0000000,0x00000000e1f80000)
  from space 10240K, 72% used [0x00000000e2a80000,0x00000000e31c6400,0x00000000e3480000)
  to   space 10752K, 0% used [0x00000000e1f80000,0x00000000e1f80000,0x00000000e2a00000)
 ParOldGen       total 87552K, used 8998K [0x00000000a0000000, 0x00000000a5580000, 0x00000000e0000000)
  object space 87552K, 10% used [0x00000000a0000000,0x00000000a08c9838,0x00000000a5580000)
 Metaspace       used 20702K, capacity 21160K, committed 21296K, reserved 1071104K
  class space    used 2964K, capacity 3125K, committed 3200K, reserved 1048576K
}
Event: 29.127 GC heap before
{Heap before GC invocations=7 (full 1):
 PSYoungGen      total 42496K, used 7449K [0x00000000e0000000, 0x00000000e3480000, 0x0000000100000000)
  eden space 32256K, 0% used [0x00000000e0000000,0x00000000e0000000,0x00000000e1f80000)
  from space 10240K, 72% used [0x00000000e2a80000,0x00000000e31c6400,0x00000000e3480000)
  to   space 10752K, 0% used [0x00000000e1f80000,0x00000000e1f80000,0x00000000e2a00000)
 ParOldGen       total 87552K, used 8998K [0x00000000a0000000, 0x00000000a5580000, 0x00000000e0000000)
  object space 87552K, 10% used [0x00000000a0000000,0x00000000a08c9838,0x00000000a5580000)
 Metaspace       used 20702K, capacity 21160K, committed 21296K, reserved 1071104K
  class space    used 2964K, capacity 3125K, committed 3200K, reserved 1048576K
Event: 29.314 GC heap after
Heap after GC invocations=7 (full 1):
 PSYoungGen      total 42496K, used 0K [0x00000000e0000000, 0x00000000e3480000, 0x0000000100000000)
  eden space 32256K, 0% used [0x00000000e0000000,0x00000000e0000000,0x00000000e1f80000)
  from space 10240K, 0% used [0x00000000e2a80000,0x00000000e2a80000,0x00000000e3480000)
  to   space 10752K, 0% used [0x00000000e1f80000,0x00000000e1f80000,0x00000000e2a00000)
 ParOldGen       total 61952K, used 8886K [0x00000000a0000000, 0x00000000a3c80000, 0x00000000e0000000)
  object space 61952K, 14% used [0x00000000a0000000,0x00000000a08ad858,0x00000000a3c80000)
 Metaspace       used 20702K, capacity 21160K, committed 21296K, reserved 1071104K
  class space    used 2964K, capacity 3125K, committed 3200K, reserved 1048576K
}
Event: 36.491 GC heap before
{Heap before GC invocations=8 (full 1):
 PSYoungGen      total 42496K, used 32256K [0x00000000e0000000, 0x00000000e3480000, 0x0000000100000000)
  eden space 32256K, 100% used [0x00000000e0000000,0x00000000e1f80000,0x00000000e1f80000)
  from space 10240K, 0% used [0x00000000e2a80000,0x00000000e2a80000,0x00000000e3480000)
  to   space 10752K, 0% used [0x00000000e1f80000,0x00000000e1f80000,0x00000000e2a00000)
 ParOldGen       total 61952K, used 8886K [0x00000000a0000000, 0x00000000a3c80000, 0x00000000e0000000)
  object space 61952K, 14% used [0x00000000a0000000,0x00000000a08ad858,0x00000000a3c80000)
 Metaspace       used 25984K, capacity 26564K, committed 26752K, reserved 1075200K
  class space    used 3499K, capacity 3709K, committed 3712K, reserved 1048576K
Event: 36.512 GC heap after
Heap after GC invocations=8 (full 1):
 PSYoungGen      total 43008K, used 4426K [0x00000000e0000000, 0x00000000e4500000, 0x0000000100000000)
  eden space 32256K, 0% used [0x00000000e0000000,0x00000000e0000000,0x00000000e1f80000)
  from space 10752K, 41% used [0x00000000e1f80000,0x00000000e23d2bc8,0x00000000e2a00000)
  to   space 10752K, 0% used [0x00000000e3a80000,0x00000000e3a80000,0x00000000e4500000)
 ParOldGen       total 61952K, used 8894K [0x00000000a0000000, 0x00000000a3c80000, 0x00000000e0000000)
  object space 61952K, 14% used [0x00000000a0000000,0x00000000a08af858,0x00000000a3c80000)
 Metaspace       used 25984K, capacity 26564K, committed 26752K, reserved 1075200K
  class space    used 3499K, capacity 3709K, committed 3712K, reserved 1048576K
}
Event: 39.224 GC heap before
{Heap before GC invocations=9 (full 1):
 PSYoungGen      total 43008K, used 36682K [0x00000000e0000000, 0x00000000e4500000, 0x0000000100000000)
  eden space 32256K, 100% used [0x00000000e0000000,0x00000000e1f80000,0x00000000e1f80000)
  from space 10752K, 41% used [0x00000000e1f80000,0x00000000e23d2bc8,0x00000000e2a00000)
  to   space 10752K, 0% used [0x00000000e3a80000,0x00000000e3a80000,0x00000000e4500000)
 ParOldGen       total 61952K, used 8894K [0x00000000a0000000, 0x00000000a3c80000, 0x00000000e0000000)
  object space 61952K, 14% used [0x00000000a0000000,0x00000000a08af858,0x00000000a3c80000)
 Metaspace       used 28318K, capacity 28874K, committed 28928K, reserved 1077248K
  class space    used 3892K, capacity 4094K, committed 4096K, reserved 1048576K
Event: 39.300 GC heap after
Heap after GC invocations=9 (full 1):
 PSYoungGen      total 60416K, used 5684K [0x00000000e0000000, 0x00000000e4800000, 0x0000000100000000)
  eden space 49664K, 0% used [0x00000000e0000000,0x00000000e0000000,0x00000000e3080000)
  from space 10752K, 52% used [0x00000000e3a80000,0x00000000e400d0a0,0x00000000e4500000)
  to   space 10240K, 0% used [0x00000000e3080000,0x00000000e3080000,0x00000000e3a80000)
 ParOldGen       total 61952K, used 8902K [0x00000000a0000000, 0x00000000a3c80000, 0x00000000e0000000)
  object space 61952K, 14% used [0x00000000a0000000,0x00000000a08b1858,0x00000000a3c80000)
 Metaspace       used 28318K, capacity 28874K, committed 28928K, reserved 1077248K
  class space    used 3892K, capacity 4094K, committed 4096K, reserved 1048576K
}

