# JRE version: OpenJDK Runtime Environment (8.0_202-b03) (build 1.8.0_202-release-1483-b03)
# Java VM: OpenJDK 64-Bit Server VM (25.202-b03 mixed mode windows-amd64 compressed oops)
Heap:
 PSYoungGen      total 203264K, used 119220K [0x00000000e0000000, 0x00000000ffe00000, 0x0000000100000000)
  eden space 175104K, 52% used [0x00000000e0000000,0x00000000e58f8e40,0x00000000eab00000)
  from space 28160K, 99% used [0x00000000eab00000,0x00000000ec6744a8,0x00000000ec680000)
  to   space 173568K, 0% used [0x00000000f5480000,0x00000000f5480000,0x00000000ffe00000)
 ParOldGen       total 496640K, used 203687K [0x00000000a0000000, 0x00000000be500000, 0x00000000e0000000)
  object space 496640K, 41% used [0x00000000a0000000,0x00000000ac6e9d88,0x00000000be500000)
 Metaspace       used 219801K, capacity 228613K, committed 228852K, reserved 1253376K
  class space    used 26424K, capacity 28004K, committed 28148K, reserved 1048576K
GC Heap History (10 events):
Event: 1944.787 GC heap before
{Heap before GC invocations=134 (full 10):
 PSYoungGen      total 254464K, used 254102K [0x00000000e0000000, 0x00000000ffd00000, 0x0000000100000000)
  eden space 175104K, 100% used [0x00000000e0000000,0x00000000eab00000,0x00000000eab00000)
  from space 79360K, 99% used [0x00000000eab00000,0x00000000ef825b50,0x00000000ef880000)
  to   space 173056K, 0% used [0x00000000f5400000,0x00000000f5400000,0x00000000ffd00000)
 ParOldGen       total 384000K, used 209929K [0x00000000a0000000, 0x00000000b7700000, 0x00000000e0000000)
  object space 384000K, 54% used [0x00000000a0000000,0x00000000acd02768,0x00000000b7700000)
 Metaspace       used 214877K, capacity 223359K, committed 223732K, reserved 1245184K
  class space    used 25913K, capacity 27469K, committed 27636K, reserved 1048576K
Event: 1944.929 GC heap after
Heap after GC invocations=134 (full 10):
 PSYoungGen      total 351744K, used 15622K [0x00000000e0000000, 0x0000000100000000, 0x0000000100000000)
  eden space 178688K, 0% used [0x00000000e0000000,0x00000000e0000000,0x00000000eae80000)
  from space 173056K, 9% used [0x00000000f5400000,0x00000000f6341a30,0x00000000ffd00000)
  to   space 169472K, 0% used [0x00000000eae80000,0x00000000eae80000,0x00000000f5400000)
 ParOldGen       total 384000K, used 283332K [0x00000000a0000000, 0x00000000b7700000, 0x00000000e0000000)
  object space 384000K, 73% used [0x00000000a0000000,0x00000000b14b1108,0x00000000b7700000)
 Metaspace       used 214877K, capacity 223359K, committed 223732K, reserved 1245184K
  class space    used 25913K, capacity 27469K, committed 27636K, reserved 1048576K
}
Event: 1945.845 GC heap before
{Heap before GC invocations=135 (full 10):
 PSYoungGen      total 351744K, used 194310K [0x00000000e0000000, 0x0000000100000000, 0x0000000100000000)
  eden space 178688K, 100% used [0x00000000e0000000,0x00000000eae80000,0x00000000eae80000)
  from space 173056K, 9% used [0x00000000f5400000,0x00000000f6341a30,0x00000000ffd00000)
  to   space 169472K, 0% used [0x00000000eae80000,0x00000000eae80000,0x00000000f5400000)
 ParOldGen       total 384000K, used 283332K [0x00000000a0000000, 0x00000000b7700000, 0x00000000e0000000)
  object space 384000K, 73% used [0x00000000a0000000,0x00000000b14b1108,0x00000000b7700000)
 Metaspace       used 214898K, capacity 223423K, committed 223732K, reserved 1245184K
  class space    used 25913K, capacity 27469K, committed 27636K, reserved 1048576K
Event: 1946.089 GC heap after
Heap after GC invocations=135 (full 10):
 PSYoungGen      total 348160K, used 127051K [0x00000000e0000000, 0x0000000100000000, 0x0000000100000000)
  eden space 178688K, 0% used [0x00000000e0000000,0x00000000e0000000,0x00000000eae80000)
  from space 169472K, 74% used [0x00000000eae80000,0x00000000f2a92ea8,0x00000000f5400000)
  to   space 174592K, 0% used [0x00000000f5580000,0x00000000f5580000,0x0000000100000000)
 ParOldGen       total 384000K, used 296027K [0x00000000a0000000, 0x00000000b7700000, 0x00000000e0000000)
  object space 384000K, 77% used [0x00000000a0000000,0x00000000b2116dc8,0x00000000b7700000)
 Metaspace       used 214898K, capacity 223423K, committed 223732K, reserved 1245184K
  class space    used 25913K, capacity 27469K, committed 27636K, reserved 1048576K
}
Event: 1961.878 GC heap before
{Heap before GC invocations=136 (full 10):
 PSYoungGen      total 348160K, used 305739K [0x00000000e0000000, 0x0000000100000000, 0x0000000100000000)
  eden space 178688K, 100% used [0x00000000e0000000,0x00000000eae80000,0x00000000eae80000)
  from space 169472K, 74% used [0x00000000eae80000,0x00000000f2a92ea8,0x00000000f5400000)
  to   space 174592K, 0% used [0x00000000f5580000,0x00000000f5580000,0x0000000100000000)
 ParOldGen       total 384000K, used 296027K [0x00000000a0000000, 0x00000000b7700000, 0x00000000e0000000)
  object space 384000K, 77% used [0x00000000a0000000,0x00000000b2116dc8,0x00000000b7700000)
 Metaspace       used 216256K, capacity 224835K, committed 225140K, reserved 1247232K
  class space    used 26010K, capacity 27613K, committed 27764K, reserved 1048576K
Event: 1962.133 GC heap after
Heap after GC invocations=136 (full 10):
 PSYoungGen      total 349696K, used 17172K [0x00000000e0000000, 0x0000000100000000, 0x0000000100000000)
  eden space 175104K, 0% used [0x00000000e0000000,0x00000000e0000000,0x00000000eab00000)
  from space 174592K, 9% used [0x00000000f5580000,0x00000000f6645100,0x0000000100000000)
  to   space 174592K, 0% used [0x00000000eab00000,0x00000000eab00000,0x00000000f5580000)
 ParOldGen       total 384000K, used 330052K [0x00000000a0000000, 0x00000000b7700000, 0x00000000e0000000)
  object space 384000K, 85% used [0x00000000a0000000,0x00000000b42513d0,0x00000000b7700000)
 Metaspace       used 216256K, capacity 224835K, committed 225140K, reserved 1247232K
  class space    used 26010K, capacity 27613K, committed 27764K, reserved 1048576K
}
Event: 1962.133 GC heap before
{Heap before GC invocations=137 (full 11):
 PSYoungGen      total 349696K, used 17172K [0x00000000e0000000, 0x0000000100000000, 0x0000000100000000)
  eden space 175104K, 0% used [0x00000000e0000000,0x00000000e0000000,0x00000000eab00000)
  from space 174592K, 9% used [0x00000000f5580000,0x00000000f6645100,0x0000000100000000)
  to   space 174592K, 0% used [0x00000000eab00000,0x00000000eab00000,0x00000000f5580000)
 ParOldGen       total 384000K, used 330052K [0x00000000a0000000, 0x00000000b7700000, 0x00000000e0000000)
  object space 384000K, 85% used [0x00000000a0000000,0x00000000b42513d0,0x00000000b7700000)
 Metaspace       used 216256K, capacity 224835K, committed 225140K, reserved 1247232K
  class space    used 26010K, capacity 27613K, committed 27764K, reserved 1048576K
Event: 1963.735 GC heap after
Heap after GC invocations=137 (full 11):
 PSYoungGen      total 349696K, used 0K [0x00000000e0000000, 0x0000000100000000, 0x0000000100000000)
  eden space 175104K, 0% used [0x00000000e0000000,0x00000000e0000000,0x00000000eab00000)
  from space 174592K, 0% used [0x00000000f5580000,0x00000000f5580000,0x0000000100000000)
  to   space 174592K, 0% used [0x00000000eab00000,0x00000000eab00000,0x00000000f5580000)
 ParOldGen       total 496640K, used 203679K [0x00000000a0000000, 0x00000000be500000, 0x00000000e0000000)
  object space 496640K, 41% used [0x00000000a0000000,0x00000000ac6e7d88,0x00000000be500000)
 Metaspace       used 216141K, capacity 224613K, committed 225140K, reserved 1247232K
  class space    used 25988K, capacity 27556K, committed 27764K, reserved 1048576K
}
Event: 1967.354 GC heap before
{Heap before GC invocations=138 (full 11):
 PSYoungGen      total 349696K, used 175104K [0x00000000e0000000, 0x0000000100000000, 0x0000000100000000)
  eden space 175104K, 100% used [0x00000000e0000000,0x00000000eab00000,0x00000000eab00000)
  from space 174592K, 0% used [0x00000000f5580000,0x00000000f5580000,0x0000000100000000)
  to   space 174592K, 0% used [0x00000000eab00000,0x00000000eab00000,0x00000000f5580000)
 ParOldGen       total 496640K, used 203679K [0x00000000a0000000, 0x00000000be500000, 0x00000000e0000000)
  object space 496640K, 41% used [0x00000000a0000000,0x00000000ac6e7d88,0x00000000be500000)
 Metaspace       used 219230K, capacity 228071K, committed 228340K, reserved 1253376K
  class space    used 26410K, capacity 27999K, committed 28148K, reserved 1048576K
Event: 1967.441 GC heap after
Heap after GC invocations=138 (full 11):
 PSYoungGen      total 203264K, used 28113K [0x00000000e0000000, 0x00000000ffe00000, 0x0000000100000000)
  eden space 175104K, 0% used [0x00000000e0000000,0x00000000e0000000,0x00000000eab00000)
  from space 28160K, 99% used [0x00000000eab00000,0x00000000ec6744a8,0x00000000ec680000)
  to   space 173568K, 0% used [0x00000000f5480000,0x00000000f5480000,0x00000000ffe00000)
 ParOldGen       total 496640K, used 203687K [0x00000000a0000000, 0x00000000be500000, 0x00000000e0000000)
  object space 496640K, 41% used [0x00000000a0000000,0x00000000ac6e9d88,0x00000000be500000)
 Metaspace       used 219230K, capacity 228071K, committed 228340K, reserved 1253376K
  class space    used 26410K, capacity 27999K, committed 28148K, reserved 1048576K
}

