# JRE version: OpenJDK Runtime Environment (8.0_202-b03) (build 1.8.0_202-release-1483-b03)
# Java VM: OpenJDK 64-Bit Server VM (25.202-b03 mixed mode windows-amd64 compressed oops)
Heap:
 PSYoungGen      total 60928K, used 39130K [0x00000000e0000000, 0x00000000e4600000, 0x0000000100000000)
  eden space 51200K, 65% used [0x00000000e0000000,0x00000000e20c8c00,0x00000000e3200000)
  from space 9728K, 57% used [0x00000000e3c80000,0x00000000e41edcb0,0x00000000e4600000)
  to   space 10240K, 0% used [0x00000000e3200000,0x00000000e3200000,0x00000000e3c00000)
 ParOldGen       total 62464K, used 8814K [0x00000000a0000000, 0x00000000a3d00000, 0x00000000e0000000)
  object space 62464K, 14% used [0x00000000a0000000,0x00000000a089b9e0,0x00000000a3d00000)
 Metaspace       used 30360K, capacity 30932K, committed 31104K, reserved 1075200K
  class space    used 4220K, capacity 4410K, committed 4480K, reserved 1048576K
GC Heap History (10 events):
Event: 16.057 GC heap before
{Heap before GC invocations=5 (full 0):
 PSYoungGen      total 38400K, used 38384K [0x00000000e0000000, 0x00000000e2a80000, 0x0000000100000000)
  eden space 33280K, 100% used [0x00000000e0000000,0x00000000e2080000,0x00000000e2080000)
  from space 5120K, 99% used [0x00000000e2580000,0x00000000e2a7c030,0x00000000e2a80000)
  to   space 5120K, 0% used [0x00000000e2080000,0x00000000e2080000,0x00000000e2580000)
 ParOldGen       total 87552K, used 4973K [0x00000000a0000000, 0x00000000a5580000, 0x00000000e0000000)
  object space 87552K, 5% used [0x00000000a0000000,0x00000000a04db5e0,0x00000000a5580000)
 Metaspace       used 19041K, capacity 19642K, committed 19968K, reserved 1067008K
  class space    used 2759K, capacity 2961K, committed 3072K, reserved 1048576K
Event: 16.078 GC heap after
Heap after GC invocations=5 (full 0):
 PSYoungGen      total 37888K, used 5104K [0x00000000e0000000, 0x00000000e3500000, 0x0000000100000000)
  eden space 32768K, 0% used [0x00000000e0000000,0x00000000e0000000,0x00000000e2000000)
  from space 5120K, 99% used [0x00000000e2080000,0x00000000e257c040,0x00000000e2580000)
  to   space 10752K, 0% used [0x00000000e2a80000,0x00000000e2a80000,0x00000000e3500000)
 ParOldGen       total 87552K, used 8955K [0x00000000a0000000, 0x00000000a5580000, 0x00000000e0000000)
  object space 87552K, 10% used [0x00000000a0000000,0x00000000a08bef20,0x00000000a5580000)
 Metaspace       used 19041K, capacity 19642K, committed 19968K, reserved 1067008K
  class space    used 2759K, capacity 2961K, committed 3072K, reserved 1048576K
}
Event: 17.137 GC heap before
{Heap before GC invocations=6 (full 0):
 PSYoungGen      total 37888K, used 17471K [0x00000000e0000000, 0x00000000e3500000, 0x0000000100000000)
  eden space 32768K, 37% used [0x00000000e0000000,0x00000000e0c13ee8,0x00000000e2000000)
  from space 5120K, 99% used [0x00000000e2080000,0x00000000e257c040,0x00000000e2580000)
  to   space 10752K, 0% used [0x00000000e2a80000,0x00000000e2a80000,0x00000000e3500000)
 ParOldGen       total 87552K, used 8955K [0x00000000a0000000, 0x00000000a5580000, 0x00000000e0000000)
  object space 87552K, 10% used [0x00000000a0000000,0x00000000a08bef20,0x00000000a5580000)
 Metaspace       used 20726K, capacity 21160K, committed 21296K, reserved 1067008K
  class space    used 2956K, capacity 3125K, committed 3200K, reserved 1048576K
Event: 17.167 GC heap after
Heap after GC invocations=6 (full 0):
 PSYoungGen      total 43520K, used 7293K [0x00000000e0000000, 0x00000000e5500000, 0x0000000100000000)
  eden space 32768K, 0% used [0x00000000e0000000,0x00000000e0000000,0x00000000e2000000)
  from space 10752K, 67% used [0x00000000e2a80000,0x00000000e319f680,0x00000000e3500000)
  to   space 10752K, 0% used [0x00000000e2000000,0x00000000e2000000,0x00000000e2a80000)
 ParOldGen       total 87552K, used 8963K [0x00000000a0000000, 0x00000000a5580000, 0x00000000e0000000)
  object space 87552K, 10% used [0x00000000a0000000,0x00000000a08c0f20,0x00000000a5580000)
 Metaspace       used 20726K, capacity 21160K, committed 21296K, reserved 1067008K
  class space    used 2956K, capacity 3125K, committed 3200K, reserved 1048576K
}
Event: 17.168 GC heap before
{Heap before GC invocations=7 (full 1):
 PSYoungGen      total 43520K, used 7293K [0x00000000e0000000, 0x00000000e5500000, 0x0000000100000000)
  eden space 32768K, 0% used [0x00000000e0000000,0x00000000e0000000,0x00000000e2000000)
  from space 10752K, 67% used [0x00000000e2a80000,0x00000000e319f680,0x00000000e3500000)
  to   space 10752K, 0% used [0x00000000e2000000,0x00000000e2000000,0x00000000e2a80000)
 ParOldGen       total 87552K, used 8963K [0x00000000a0000000, 0x00000000a5580000, 0x00000000e0000000)
  object space 87552K, 10% used [0x00000000a0000000,0x00000000a08c0f20,0x00000000a5580000)
 Metaspace       used 20726K, capacity 21160K, committed 21296K, reserved 1067008K
  class space    used 2956K, capacity 3125K, committed 3200K, reserved 1048576K
Event: 17.348 GC heap after
Heap after GC invocations=7 (full 1):
 PSYoungGen      total 43520K, used 0K [0x00000000e0000000, 0x00000000e5500000, 0x0000000100000000)
  eden space 32768K, 0% used [0x00000000e0000000,0x00000000e0000000,0x00000000e2000000)
  from space 10752K, 0% used [0x00000000e2a80000,0x00000000e2a80000,0x00000000e3500000)
  to   space 10752K, 0% used [0x00000000e2000000,0x00000000e2000000,0x00000000e2a80000)
 ParOldGen       total 62464K, used 8798K [0x00000000a0000000, 0x00000000a3d00000, 0x00000000e0000000)
  object space 62464K, 14% used [0x00000000a0000000,0x00000000a08979e0,0x00000000a3d00000)
 Metaspace       used 20726K, capacity 21160K, committed 21296K, reserved 1067008K
  class space    used 2956K, capacity 3125K, committed 3200K, reserved 1048576K
}
Event: 18.747 GC heap before
{Heap before GC invocations=8 (full 1):
 PSYoungGen      total 43520K, used 32768K [0x00000000e0000000, 0x00000000e5500000, 0x0000000100000000)
  eden space 32768K, 100% used [0x00000000e0000000,0x00000000e2000000,0x00000000e2000000)
  from space 10752K, 0% used [0x00000000e2a80000,0x00000000e2a80000,0x00000000e3500000)
  to   space 10752K, 0% used [0x00000000e2000000,0x00000000e2000000,0x00000000e2a80000)
 ParOldGen       total 62464K, used 8798K [0x00000000a0000000, 0x00000000a3d00000, 0x00000000e0000000)
  object space 62464K, 14% used [0x00000000a0000000,0x00000000a08979e0,0x00000000a3d00000)
 Metaspace       used 25847K, capacity 26340K, committed 26496K, reserved 1073152K
  class space    used 3494K, capacity 3677K, committed 3712K, reserved 1048576K
Event: 18.771 GC heap after
Heap after GC invocations=8 (full 1):
 PSYoungGen      total 43520K, used 4413K [0x00000000e0000000, 0x00000000e4700000, 0x0000000100000000)
  eden space 32768K, 0% used [0x00000000e0000000,0x00000000e0000000,0x00000000e2000000)
  from space 10752K, 41% used [0x00000000e2000000,0x00000000e244f5b8,0x00000000e2a80000)
  to   space 10752K, 0% used [0x00000000e3c80000,0x00000000e3c80000,0x00000000e4700000)
 ParOldGen       total 62464K, used 8806K [0x00000000a0000000, 0x00000000a3d00000, 0x00000000e0000000)
  object space 62464K, 14% used [0x00000000a0000000,0x00000000a08999e0,0x00000000a3d00000)
 Metaspace       used 25847K, capacity 26340K, committed 26496K, reserved 1073152K
  class space    used 3494K, capacity 3677K, committed 3712K, reserved 1048576K
}
Event: 20.638 GC heap before
{Heap before GC invocations=9 (full 1):
 PSYoungGen      total 43520K, used 37181K [0x00000000e0000000, 0x00000000e4700000, 0x0000000100000000)
  eden space 32768K, 100% used [0x00000000e0000000,0x00000000e2000000,0x00000000e2000000)
  from space 10752K, 41% used [0x00000000e2000000,0x00000000e244f5b8,0x00000000e2a80000)
  to   space 10752K, 0% used [0x00000000e3c80000,0x00000000e3c80000,0x00000000e4700000)
 ParOldGen       total 62464K, used 8806K [0x00000000a0000000, 0x00000000a3d00000, 0x00000000e0000000)
  object space 62464K, 14% used [0x00000000a0000000,0x00000000a08999e0,0x00000000a3d00000)
 Metaspace       used 28281K, capacity 28880K, committed 29184K, reserved 1075200K
  class space    used 3902K, capacity 4095K, committed 4096K, reserved 1048576K
Event: 20.658 GC heap after
Heap after GC invocations=9 (full 1):
 PSYoungGen      total 60928K, used 5559K [0x00000000e0000000, 0x00000000e4600000, 0x0000000100000000)
  eden space 51200K, 0% used [0x00000000e0000000,0x00000000e0000000,0x00000000e3200000)
  from space 9728K, 57% used [0x00000000e3c80000,0x00000000e41edcb0,0x00000000e4600000)
  to   space 10240K, 0% used [0x00000000e3200000,0x00000000e3200000,0x00000000e3c00000)
 ParOldGen       total 62464K, used 8814K [0x00000000a0000000, 0x00000000a3d00000, 0x00000000e0000000)
  object space 62464K, 14% used [0x00000000a0000000,0x00000000a089b9e0,0x00000000a3d00000)
 Metaspace       used 28281K, capacity 28880K, committed 29184K, reserved 1075200K
  class space    used 3902K, capacity 4095K, committed 4096K, reserved 1048576K
}

